<?xml version="1.0" encoding="UTF-8"?>
<testng-results ignored="0" total="1" passed="1" failed="0" skipped="0">
  <reporter-output>
  </reporter-output>
  <suite started-at="2023-10-02T01:10:23 EDT" name="Default suite" finished-at="2023-10-02T01:10:30 EDT" duration-ms="6689">
    <groups>
    </groups>
    <test started-at="2023-10-02T01:10:23 EDT" name="Default test" finished-at="2023-10-02T01:10:30 EDT" duration-ms="6689">
      <class name="pageObjectModelTest.LoginTest">
        <test-method is-config="true" signature="openApp()[pri:0, instance:pageObjectModelTest.LoginTest@59474f18]" started-at="2023-10-02T01:10:23 EDT" name="openApp" finished-at="2023-10-02T01:10:29 EDT" duration-ms="5498" status="PASS">
          <reporter-output>
          </reporter-output>
        </test-method> <!-- openApp -->
        <test-method signature="loginTest()[pri:0, instance:pageObjectModelTest.LoginTest@59474f18]" started-at="2023-10-02T01:10:29 EDT" name="loginTest" finished-at="2023-10-02T01:10:29 EDT" duration-ms="606" status="PASS">
          <reporter-output>
          </reporter-output>
        </test-method> <!-- loginTest -->
        <test-method is-config="true" signature="closeApp()[pri:0, instance:pageObjectModelTest.LoginTest@59474f18]" started-at="2023-10-02T01:10:29 EDT" name="closeApp" finished-at="2023-10-02T01:10:30 EDT" duration-ms="491" status="PASS">
          <reporter-output>
          </reporter-output>
        </test-method> <!-- closeApp -->
      </class> <!-- pageObjectModelTest.LoginTest -->
    </test> <!-- Default test -->
  </suite> <!-- Default suite -->
</testng-results>
