<?xml version="1.0" encoding="UTF-8"?>
<testng-results ignored="0" total="1" passed="1" failed="0" skipped="0">
  <reporter-output>
  </reporter-output>
  <suite started-at="2023-09-17T22:45:11 EDT" name="Default suite" finished-at="2023-09-17T22:45:18 EDT" duration-ms="7579">
    <groups>
    </groups>
    <test started-at="2023-09-17T22:45:11 EDT" name="Default test" finished-at="2023-09-17T22:45:18 EDT" duration-ms="7579">
      <class name="com.facebook.LoginTest">
        <test-method is-config="true" signature="openBrowser()[pri:0, instance:com.facebook.LoginTest@292b08d6]" started-at="2023-09-17T22:45:11 EDT" name="openBrowser" finished-at="2023-09-17T22:45:15 EDT" duration-ms="4010" status="PASS">
          <reporter-output>
          </reporter-output>
        </test-method> <!-- openBrowser -->
        <test-method signature="openApplication()[pri:0, instance:com.facebook.LoginTest@292b08d6]" started-at="2023-09-17T22:45:15 EDT" name="openApplication" finished-at="2023-09-17T22:45:18 EDT" duration-ms="3455" status="PASS">
          <reporter-output>
          </reporter-output>
        </test-method> <!-- openApplication -->
      </class> <!-- com.facebook.LoginTest -->
    </test> <!-- Default test -->
  </suite> <!-- Default suite -->
</testng-results>
